TN:
SF:src\add.js
FN:16,(anonymous_0)
FNF:1
FNH:1
FNDA:23,(anonymous_0)
DA:16,23
LF:1
LH:1
BRF:0
BRH:0
end_of_record
TN:
SF:src\ceil.js
FNF:0
FNH:0
DA:22,1
LF:1
LH:1
BRF:0
BRH:0
end_of_record
TN:
SF:src\eq.js
FN:31,eq
FNF:1
FNH:1
FNDA:33,eq
DA:32,33
LF:1
LH:1
BRDA:32,0,0,33
BRDA:32,0,1,10
BRDA:32,0,2,1
BRF:3
BRH:3
end_of_record
TN:
SF:src\every.js
FN:22,every
FNF:1
FNH:1
FNDA:26,every
DA:23,26
DA:24,26
DA:26,26
DA:27,2000046
DA:28,12
DA:31,14
LF:6
LH:6
BRDA:24,0,0,2
BRDA:24,0,1,24
BRDA:27,1,0,12
BRDA:27,1,1,2000034
BRF:4
BRH:4
end_of_record
TN:
SF:src\filter.js
FN:24,filter
FNF:1
FNH:1
FNDA:23,filter
DA:25,23
DA:26,23
DA:27,23
DA:28,23
DA:30,23
DA:31,100068
DA:32,100068
DA:33,137
DA:36,23
LF:9
LH:9
BRDA:27,0,0,1
BRDA:27,0,1,22
BRDA:32,1,0,137
BRDA:32,1,1,99931
BRF:4
BRH:4
end_of_record
TN:
SF:src\get.js
FN:27,get
FNF:1
FNH:1
FNDA:28,get
DA:28,28
DA:29,28
LF:2
LH:2
BRDA:28,0,0,2
BRDA:28,0,1,26
BRDA:29,1,0,16
BRDA:29,1,1,12
BRF:4
BRH:4
end_of_record
TN:
SF:src\isEmpty.js
FN:45,isEmpty
FNF:1
FNH:1
FNDA:43,isEmpty
DA:9,1
DA:46,43
DA:47,2
DA:49,41
DA:52,11
DA:54,30
DA:55,30
DA:56,5
DA:58,25
DA:59,4
DA:61,21
DA:62,5
DA:63,4
DA:66,17
LF:14
LH:14
BRDA:46,0,0,2
BRDA:46,0,1,41
BRDA:49,1,0,11
BRDA:49,1,1,30
BRDA:49,2,0,41
BRDA:49,2,1,12
BRDA:49,2,2,8
BRDA:49,2,3,5
BRDA:49,2,4,5
BRDA:49,2,5,3
BRDA:49,2,6,3
BRDA:55,3,0,5
BRDA:55,3,1,25
BRDA:55,4,0,30
BRDA:55,4,1,28
BRDA:58,5,0,4
BRDA:58,5,1,21
BRDA:62,6,0,4
BRDA:62,6,1,1
BRF:19
BRH:19
end_of_record
TN:
SF:src\map.js
FN:19,map
FNF:1
FNH:1
FNDA:25,map
DA:20,25
DA:21,25
DA:22,25
DA:24,25
DA:25,1000063
DA:27,23
LF:6
LH:6
BRDA:21,0,0,2
BRDA:21,0,1,23
BRF:2
BRH:2
end_of_record
TN:
SF:src\reduce.js
FN:38,reduce
FNF:1
FNH:1
FNDA:16,reduce
DA:39,16
DA:40,16
DA:41,16
LF:3
LH:3
BRDA:39,0,0,14
BRDA:39,0,1,2
BRF:2
BRH:2
end_of_record
TN:
SF:src\toNumber.js
FN:44,toNumber
FNF:1
FNH:1
FNDA:80,toNumber
DA:5,1
DA:8,1
DA:11,1
DA:14,1
DA:17,1
DA:20,1
DA:45,80
DA:46,9
DA:48,71
DA:49,1
DA:51,70
DA:52,19
DA:53,19
DA:55,67
DA:56,8
DA:58,59
DA:59,59
DA:60,59
LF:18
LH:18
BRDA:45,0,0,9
BRDA:45,0,1,71
BRDA:48,1,0,1
BRDA:48,1,1,70
BRDA:51,2,0,19
BRDA:51,2,1,51
BRDA:52,3,0,17
BRDA:52,3,1,2
BRDA:53,4,0,14
BRDA:53,4,1,5
BRDA:55,5,0,8
BRDA:55,5,1,59
BRDA:56,6,0,1
BRDA:56,6,1,7
BRDA:60,7,0,8
BRDA:60,7,1,51
BRDA:60,8,0,59
BRDA:60,8,1,55
BRDA:61,9,0,4
BRDA:61,9,1,4
BRDA:62,10,0,1
BRDA:62,10,1,50
BRF:22
BRH:22
end_of_record
