TN:
SF:src\add.js
FN:16,(anonymous_0)
FNF:1
FNH:1
FNDA:23,(anonymous_0)
DA:16,23
LF:1
LH:1
BRF:0
BRH:0
end_of_record
TN:
SF:src\ceil.js
FNF:0
FNH:0
DA:22,1
LF:1
LH:1
BRF:0
BRH:0
end_of_record
TN:
SF:src\eq.js
FN:31,eq
FNF:1
FNH:1
FNDA:33,eq
DA:32,33
LF:1
LH:1
BRDA:32,0,0,33
BRDA:32,0,1,10
BRDA:32,0,2,1
BRF:3
BRH:3
end_of_record
TN:
SF:src\every.js
FN:22,every
FNF:1
FNH:1
FNDA:20,every
DA:23,20
DA:24,20
DA:26,20
DA:27,2000043
DA:28,10
DA:31,10
LF:6
LH:6
BRDA:24,0,0,0
BRDA:24,0,1,20
BRDA:27,1,0,10
BRDA:27,1,1,2000033
BRF:4
BRH:3
end_of_record
TN:
SF:src\filter.js
FN:24,filter
FNF:1
FNH:1
FNDA:18,filter
DA:25,18
DA:26,18
DA:27,18
DA:28,18
DA:30,18
DA:31,100060
DA:32,100060
DA:33,133
DA:36,18
LF:9
LH:9
BRDA:27,0,0,0
BRDA:27,0,1,18
BRDA:32,1,0,133
BRDA:32,1,1,99927
BRF:4
BRH:3
end_of_record
TN:
SF:src\get.js
FN:27,get
FNF:1
FNH:1
FNDA:28,get
DA:28,28
DA:29,28
LF:2
LH:2
BRDA:28,0,0,2
BRDA:28,0,1,26
BRDA:29,1,0,16
BRDA:29,1,1,12
BRF:4
BRH:4
end_of_record
TN:
SF:src\isArguments.js
FN:19,isArguments
FNF:1
FNH:1
FNDA:2,isArguments
DA:20,2
LF:1
LH:1
BRDA:20,0,0,2
BRDA:20,0,1,2
BRF:2
BRH:2
end_of_record
TN:
SF:src\isArrayLike.js
FN:26,isArrayLike
FNF:1
FNH:1
FNDA:32,isArrayLike
DA:27,32
LF:1
LH:1
BRDA:27,0,0,32
BRDA:27,0,1,32
BRDA:27,0,2,31
BRF:3
BRH:3
end_of_record
TN:
SF:src\isBuffer.js
FN:33,(anonymous_0)
FNF:1
FNH:0
FNDA:0,(anonymous_0)
DA:4,2
DA:7,2
DA:10,2
DA:13,2
DA:16,2
DA:33,2
LF:6
LH:6
BRDA:4,0,0,2
BRDA:4,0,1,2
BRDA:4,0,2,2
BRDA:4,0,3,2
BRDA:7,1,0,2
BRDA:7,1,1,2
BRDA:7,1,2,2
BRDA:7,1,3,2
BRDA:7,1,4,2
BRDA:10,2,0,2
BRDA:10,2,1,2
BRDA:13,3,0,2
BRDA:13,3,1,0
BRDA:16,4,0,2
BRDA:16,4,1,0
BRDA:33,5,0,2
BRDA:33,5,1,0
BRF:17
BRH:14
end_of_record
TN:
SF:src\isEmpty.js
FN:45,isEmpty
FNF:1
FNH:1
FNDA:30,isEmpty
DA:9,1
DA:46,30
DA:47,2
DA:49,28
DA:52,10
DA:54,18
DA:55,18
DA:56,4
DA:58,14
DA:59,0
DA:61,14
DA:62,1
DA:63,1
DA:66,13
LF:14
LH:13
BRDA:46,0,0,2
BRDA:46,0,1,28
BRDA:49,1,0,10
BRDA:49,1,1,18
BRDA:49,2,0,28
BRDA:49,2,1,10
BRDA:49,2,2,7
BRDA:49,2,3,4
BRDA:49,2,4,4
BRDA:49,2,5,2
BRDA:49,2,6,2
BRDA:55,3,0,4
BRDA:55,3,1,14
BRDA:55,4,0,18
BRDA:55,4,1,16
BRDA:58,5,0,0
BRDA:58,5,1,14
BRDA:62,6,0,1
BRDA:62,6,1,0
BRF:19
BRH:17
end_of_record
TN:
SF:src\isLength.js
FN:28,isLength
FNF:1
FNH:1
FNDA:31,isLength
DA:2,2
DA:29,31
LF:2
LH:2
BRDA:29,0,0,31
BRDA:29,0,1,10
BRDA:29,0,2,10
BRDA:29,0,3,10
BRF:4
BRH:4
end_of_record
TN:
SF:src\isObject.js
FN:24,isObject
FNF:1
FNH:1
FNDA:41,isObject
DA:25,41
DA:26,41
LF:2
LH:2
BRDA:26,0,0,41
BRDA:26,0,1,39
BRDA:26,0,2,29
BRF:3
BRH:3
end_of_record
TN:
SF:src\isObjectLike.js
FN:23,isObjectLike
FNF:1
FNH:1
FNDA:2,isObjectLike
DA:24,2
LF:1
LH:1
BRDA:24,0,0,2
BRDA:24,0,1,2
BRF:2
BRH:2
end_of_record
TN:
SF:src\isSymbol.js
FN:18,isSymbol
FNF:1
FNH:1
FNDA:61,isSymbol
DA:19,61
DA:20,61
LF:2
LH:2
BRDA:20,0,0,61
BRDA:20,0,1,58
BRDA:20,0,2,7
BRDA:20,0,3,5
BRF:4
BRH:4
end_of_record
TN:
SF:src\isTypedArray.js
FN:27,(anonymous_0)
FN:28,(anonymous_1)
FNF:2
FNH:1
FNDA:2,(anonymous_0)
FNDA:0,(anonymous_1)
DA:6,2
DA:9,2
DA:26,2
DA:27,2
DA:28,0
LF:5
LH:4
BRDA:9,0,0,2
BRDA:9,0,1,2
BRDA:26,1,0,2
BRDA:26,1,1,0
BRDA:28,2,0,0
BRDA:28,2,1,0
BRF:6
BRH:3
end_of_record
TN:
SF:src\keys.js
FN:31,keys
FNF:1
FNH:1
FNDA:2,keys
DA:32,2
LF:1
LH:1
BRDA:32,0,0,0
BRDA:32,0,1,2
BRF:2
BRH:1
end_of_record
TN:
SF:src\map.js
FN:19,map
FNF:1
FNH:1
FNDA:25,map
DA:20,25
DA:21,25
DA:22,25
DA:24,25
DA:25,1000063
DA:27,23
LF:6
LH:6
BRDA:21,0,0,2
BRDA:21,0,1,23
BRF:2
BRH:2
end_of_record
TN:
SF:src\memoize.js
FN:43,memoize
FN:47,(anonymous_1)
FNF:2
FNH:2
FNDA:1,memoize
FNDA:17,(anonymous_1)
DA:44,1
DA:45,0
DA:47,1
DA:48,17
DA:49,17
DA:51,17
DA:52,4
DA:54,13
DA:55,13
DA:56,13
DA:58,1
DA:59,1
DA:62,1
LF:13
LH:12
BRDA:44,0,0,0
BRDA:44,0,1,1
BRDA:44,1,0,1
BRDA:44,1,1,1
BRDA:44,1,2,1
BRDA:48,2,0,17
BRDA:48,2,1,0
BRDA:51,3,0,4
BRDA:51,3,1,13
BRDA:55,4,0,13
BRDA:55,4,1,0
BRDA:58,5,0,1
BRDA:58,5,1,0
BRF:13
BRH:9
end_of_record
TN:
SF:src\reduce.js
FN:38,reduce
FNF:1
FNH:1
FNDA:16,reduce
DA:39,16
DA:40,16
DA:41,16
LF:3
LH:3
BRDA:39,0,0,14
BRDA:39,0,1,2
BRF:2
BRH:2
end_of_record
TN:
SF:src\toNumber.js
FN:44,toNumber
FNF:1
FNH:1
FNDA:45,toNumber
DA:5,1
DA:8,1
DA:11,1
DA:14,1
DA:17,1
DA:20,1
DA:45,45
DA:46,9
DA:48,36
DA:49,1
DA:51,35
DA:52,6
DA:53,6
DA:55,34
DA:56,4
DA:58,30
DA:59,30
DA:60,30
LF:18
LH:18
BRDA:45,0,0,9
BRDA:45,0,1,36
BRDA:48,1,0,1
BRDA:48,1,1,35
BRDA:51,2,0,6
BRDA:51,2,1,29
BRDA:52,3,0,5
BRDA:52,3,1,1
BRDA:53,4,0,6
BRDA:53,4,1,0
BRDA:55,5,0,4
BRDA:55,5,1,30
BRDA:56,6,0,0
BRDA:56,6,1,4
BRDA:60,7,0,4
BRDA:60,7,1,26
BRDA:60,8,0,30
BRDA:60,8,1,28
BRDA:61,9,0,2
BRDA:61,9,1,2
BRDA:62,10,0,0
BRDA:62,10,1,26
BRF:22
BRH:19
end_of_record
